#
# There is insufficient memory for the Java Runtime Environment to continue.
# Native memory allocation (malloc) failed to allocate 173776 bytes for Chunk::new
# Possible reasons:
#   The system is out of physical RAM or swap space
#   In 32 bit mode, the process size limit was hit
# Possible solutions:
#   Reduce memory load on the system
#   Increase physical memory or swap space
#   Check if swap backing store is full
#   Use 64 bit Java on a 64 bit OS
#   Decrease Java heap size (-Xmx/-Xms)
#   Decrease number of Java threads
#   Decrease Java thread stack sizes (-Xss)
#   Set larger code cache with -XX:ReservedCodeCacheSize=
# This output file may be truncated or incomplete.
#
#  Out of Memory Error (allocation.cpp:390), pid=7524, tid=0x0000000000001904
#
# JRE version: OpenJDK Runtime Environment (8.0_152-b01) (build 1.8.0_152-release-1343-b01)
# Java VM: OpenJDK 64-Bit Server VM (25.152-b01 mixed mode windows-amd64 compressed oops)
# Failed to write core dump. Minidumps are not enabled by default on client versions of Windows
#

---------------  T H R E A D  ---------------

Current thread (0x0000000019841000):  JavaThread "C2 CompilerThread0" daemon [_thread_in_native, id=6404, stack(0x000000001ae80000,0x000000001af80000)]

Stack: [0x000000001ae80000,0x000000001af80000]
[error occurred during error reporting (printing stack bounds), id 0xc0000005]

Native frames: (J=compiled Java code, j=interpreted, Vv=VM code, C=native code)


Current CompileTask:
C2:   7804 8960       4       org.jetbrains.org.objectweb.asm.tree.analysis.Frame::execute (2435 bytes)


---------------  P R O C E S S  ---------------

Java Threads: ( => current thread )
  0x000000001b1b2000 JavaThread "Service Thread" daemon [_thread_blocked, id=6164, stack(0x000000001b580000,0x000000001b680000)]
  0x0000000019855000 JavaThread "C1 CompilerThread2" daemon [_thread_in_native, id=6188, stack(0x000000001b080000,0x000000001b180000)]
  0x0000000019845000 JavaThread "C2 CompilerThread1" daemon [_thread_in_native, id=5640, stack(0x000000001af80000,0x000000001b080000)]
=>0x0000000019841000 JavaThread "C2 CompilerThread0" daemon [_thread_in_native, id=6404, stack(0x000000001ae80000,0x000000001af80000)]
  0x000000001983f800 JavaThread "Attach Listener" daemon [_thread_blocked, id=2656, stack(0x000000001ad80000,0x000000001ae80000)]
  0x000000001983e000 JavaThread "Signal Dispatcher" daemon [_thread_blocked, id=3108, stack(0x000000001ac80000,0x000000001ad80000)]
  0x000000000273e000 JavaThread "Finalizer" daemon [_thread_blocked, id=6268, stack(0x000000001aa90000,0x000000001ab90000)]
  0x0000000002733000 JavaThread "Reference Handler" daemon [_thread_blocked, id=2124, stack(0x000000001a990000,0x000000001aa90000)]
  0x0000000002644000 JavaThread "main" [_thread_in_vm, id=3460, stack(0x0000000002540000,0x0000000002640000)]

Other Threads:
  0x0000000019807000 VMThread [stack: 0x000000001a890000,0x000000001a990000] [id=6332]
  0x000000001b1bb000 WatcherThread [stack: 0x000000001b680000,0x000000001b780000] [id=4696]

VM state:not at safepoint (normal execution)

VM Mutex/Monitor currently owned by a thread: None

Heap:
 PSYoungGen      total 190976K, used 15619K [0x0000000780400000, 0x000000078fa00000, 0x00000007c0000000)
  eden space 157696K, 9% used [0x0000000780400000,0x0000000781340c88,0x0000000789e00000)
  from space 33280K, 0% used [0x000000078be80000,0x000000078be80000,0x000000078df00000)
  to   space 33280K, 0% used [0x0000000789e00000,0x0000000789e00000,0x000000078be80000)
 ParOldGen       total 176640K, used 42911K [0x0000000700c00000, 0x000000070b880000, 0x0000000780400000)
  object space 176640K, 24% used [0x0000000700c00000,0x00000007035e7d70,0x000000070b880000)
 Metaspace       used 59470K, capacity 60703K, committed 61056K, reserved 1103872K
  class space    used 7171K, capacity 7481K, committed 7552K, reserved 1048576K

Card table byte_map: [0x0000000011b00000,0x0000000012100000] byte_map_base: 0x000000000e2fa000

Marking Bits: (ParMarkBitMap*) 0x0000000060a55aa0
 Begin Bits: [0x0000000012900000, 0x00000000158d0000)
 End Bits:   [0x00000000158d0000, 0x00000000188a0000)

Polling page: 0x0000000000910000

CodeCache: size=245760Kb used=26694Kb max_used=26694Kb free=219066Kb
 bounds [0x0000000002740000, 0x0000000004170000, 0x0000000011740000]
 total_blobs=8356 nmethods=7846 adapters=421
 compilation: enabled

Compilation events (10 events):
Event: 7.800 Thread 0x0000000019855000 9086       3       org.jetbrains.org.objectweb.asm.tree.analysis.BasicInterpreter::naryOperation (64 bytes)
Event: 7.800 Thread 0x0000000019855000 nmethod 9086 0x0000000004163410 code [0x0000000004163600, 0x0000000004163f58]
Event: 7.800 Thread 0x0000000019855000 9080       3       java.util.stream.ForEachOps$ForEachOp::<init> (10 bytes)
Event: 7.800 Thread 0x0000000019845000 9087       4       org.jetbrains.kotlin.name.FqNameUnsafe::<init> (31 bytes)
Event: 7.800 Thread 0x0000000019855000 nmethod 9080 0x00000000041642d0 code [0x0000000004164420, 0x00000000041645d0]
Event: 7.800 Thread 0x0000000019855000 9081       3       java.util.stream.ForEachOps$ForEachOp::getOpFlags (15 bytes)
Event: 7.801 Thread 0x0000000019855000 nmethod 9081 0x0000000004164690 code [0x00000000041647e0, 0x0000000004164990]
Event: 7.801 Thread 0x0000000019855000 9082       3       java.util.stream.ForEachOps$ForEachOp$OfRef::evaluateSequential (7 bytes)
Event: 7.801 Thread 0x0000000019855000 nmethod 9082 0x0000000004164a10 code [0x0000000004164ba0, 0x0000000004164fe8]
Event: 7.801 Thread 0x0000000019855000 9085       3       org.jetbrains.kotlin.codegen.inline.MaxLocalsCalculator::updateMaxLocals (14 bytes)

GC Heap History (10 events):
Event: 2.469 GC heap before
{Heap before GC invocations=5 (full 2):
 PSYoungGen      total 106496K, used 8180K [0x0000000780400000, 0x0000000789800000, 0x00000007c0000000)
  eden space 98304K, 0% used [0x0000000780400000,0x0000000780400000,0x0000000786400000)
  from space 8192K, 99% used [0x0000000786400000,0x0000000786bfd0d8,0x0000000786c00000)
  to   space 8192K, 0% used [0x0000000789000000,0x0000000789000000,0x0000000789800000)
 ParOldGen       total 93696K, used 24674K [0x0000000700c00000, 0x0000000706780000, 0x0000000780400000)
  object space 93696K, 26% used [0x0000000700c00000,0x00000007024188d0,0x0000000706780000)
 Metaspace       used 34595K, capacity 35111K, committed 35416K, reserved 1081344K
  class space    used 4396K, capacity 4539K, committed 4608K, reserved 1048576K
Event: 2.533 GC heap after
Heap after GC invocations=5 (full 2):
 PSYoungGen      total 106496K, used 0K [0x0000000780400000, 0x0000000789800000, 0x00000007c0000000)
  eden space 98304K, 0% used [0x0000000780400000,0x0000000780400000,0x0000000786400000)
  from space 8192K, 0% used [0x0000000786400000,0x0000000786400000,0x0000000786c00000)
  to   space 8192K, 0% used [0x0000000789000000,0x0000000789000000,0x0000000789800000)
 ParOldGen       total 176640K, used 27152K [0x0000000700c00000, 0x000000070b880000, 0x0000000780400000)
  object space 176640K, 15% used [0x0000000700c00000,0x0000000702684198,0x000000070b880000)
 Metaspace       used 34595K, capacity 35111K, committed 35416K, reserved 1081344K
  class space    used 4396K, capacity 4539K, committed 4608K, reserved 1048576K
}
Event: 3.864 GC heap before
{Heap before GC invocations=6 (full 2):
 PSYoungGen      total 106496K, used 98304K [0x0000000780400000, 0x0000000789800000, 0x00000007c0000000)
  eden space 98304K, 100% used [0x0000000780400000,0x0000000786400000,0x0000000786400000)
  from space 8192K, 0% used [0x0000000786400000,0x0000000786400000,0x0000000786c00000)
  to   space 8192K, 0% used [0x0000000789000000,0x0000000789000000,0x0000000789800000)
 ParOldGen       total 176640K, used 27152K [0x0000000700c00000, 0x000000070b880000, 0x0000000780400000)
  object space 176640K, 15% used [0x0000000700c00000,0x0000000702684198,0x000000070b880000)
 Metaspace       used 43470K, capacity 44197K, committed 44544K, reserved 1087488K
  class space    used 5381K, capacity 5590K, committed 5632K, reserved 1048576K
Event: 3.879 GC heap after
Heap after GC invocations=6 (full 2):
 PSYoungGen      total 134144K, used 8179K [0x0000000780400000, 0x0000000789800000, 0x00000007c0000000)
  eden space 125952K, 0% used [0x0000000780400000,0x0000000780400000,0x0000000787f00000)
  from space 8192K, 99% used [0x0000000789000000,0x00000007897fcee0,0x0000000789800000)
  to   space 8192K, 0% used [0x0000000788800000,0x0000000788800000,0x0000000789000000)
 ParOldGen       total 176640K, used 39002K [0x0000000700c00000, 0x000000070b880000, 0x0000000780400000)
  object space 176640K, 22% used [0x0000000700c00000,0x00000007032169a0,0x000000070b880000)
 Metaspace       used 43470K, capacity 44197K, committed 44544K, reserved 1087488K
  class space    used 5381K, capacity 5590K, committed 5632K, reserved 1048576K
}
Event: 7.148 GC heap before
{Heap before GC invocations=7 (full 2):
 PSYoungGen      total 134144K, used 134131K [0x0000000780400000, 0x0000000789800000, 0x00000007c0000000)
  eden space 125952K, 100% used [0x0000000780400000,0x0000000787f00000,0x0000000787f00000)
  from space 8192K, 99% used [0x0000000789000000,0x00000007897fcee0,0x0000000789800000)
  to   space 8192K, 0% used [0x0000000788800000,0x0000000788800000,0x0000000789000000)
 ParOldGen       total 176640K, used 39002K [0x0000000700c00000, 0x000000070b880000, 0x0000000780400000)
  object space 176640K, 22% used [0x0000000700c00000,0x00000007032169a0,0x000000070b880000)
 Metaspace       used 55051K, capacity 56103K, committed 56320K, reserved 1097728K
  class space    used 6773K, capacity 7077K, committed 7168K, reserved 1048576K
Event: 7.171 GC heap after
Heap after GC invocations=7 (full 2):
 PSYoungGen      total 143360K, used 8189K [0x0000000780400000, 0x000000078df00000, 0x00000007c0000000)
  eden space 135168K, 0% used [0x0000000780400000,0x0000000780400000,0x0000000788800000)
  from space 8192K, 99% used [0x0000000788800000,0x0000000788fff708,0x0000000789000000)
  to   space 33280K, 0% used [0x000000078be80000,0x000000078be80000,0x000000078df00000)
 ParOldGen       total 176640K, used 61634K [0x0000000700c00000, 0x000000070b880000, 0x0000000780400000)
  object space 176640K, 34% used [0x0000000700c00000,0x0000000704830b60,0x000000070b880000)
 Metaspace       used 55051K, capacity 56103K, committed 56320K, reserved 1097728K
  class space    used 6773K, capacity 7077K, committed 7168K, reserved 1048576K
}
Event: 7.369 GC heap before
{Heap before GC invocations=8 (full 2):
 PSYoungGen      total 143360K, used 21642K [0x0000000780400000, 0x000000078df00000, 0x00000007c0000000)
  eden space 135168K, 9% used [0x0000000780400000,0x0000000781123468,0x0000000788800000)
  from space 8192K, 99% used [0x0000000788800000,0x0000000788fff708,0x0000000789000000)
  to   space 33280K, 0% used [0x000000078be80000,0x000000078be80000,0x000000078df00000)
 ParOldGen       total 176640K, used 61634K [0x0000000700c00000, 0x000000070b880000, 0x0000000780400000)
  object space 176640K, 34% used [0x0000000700c00000,0x0000000704830b60,0x000000070b880000)
 Metaspace       used 57644K, capacity 58775K, committed 59028K, reserved 1101824K
  class space    used 7010K, capacity 7317K, committed 7424K, reserved 1048576K
Event: 7.380 GC heap after
Heap after GC invocations=8 (full 2):
 PSYoungGen      total 190976K, used 11158K [0x0000000780400000, 0x000000078fa00000, 0x00000007c0000000)
  eden space 157696K, 0% used [0x0000000780400000,0x0000000780400000,0x0000000789e00000)
  from space 33280K, 33% used [0x000000078be80000,0x000000078c9659e8,0x000000078df00000)
  to   space 33280K, 0% used [0x0000000789e00000,0x0000000789e00000,0x000000078be80000)
 ParOldGen       total 176640K, used 61642K [0x0000000700c00000, 0x000000070b880000, 0x0000000780400000)
  object space 176640K, 34% used [0x0000000700c00000,0x0000000704832b60,0x000000070b880000)
 Metaspace       used 57644K, capacity 58775K, committed 59028K, reserved 1101824K
  class space    used 7010K, capacity 7317K, committed 7424K, reserved 1048576K
}
Event: 7.380 GC heap before
{Heap before GC invocations=9 (full 3):
 PSYoungGen      total 190976K, used 11158K [0x0000000780400000, 0x000000078fa00000, 0x00000007c0000000)
  eden space 157696K, 0% used [0x0000000780400000,0x0000000780400000,0x0000000789e00000)
  from space 33280K, 33% used [0x000000078be80000,0x000000078c9659e8,0x000000078df00000)
  to   space 33280K, 0% used [0x0000000789e00000,0x0000000789e00000,0x000000078be80000)
 ParOldGen       total 176640K, used 61642K [0x0000000700c00000, 0x000000070b880000, 0x0000000780400000)
  object space 176640K, 34% used [0x0000000700c00000,0x0000000704832b60,0x000000070b880000)
 Metaspace       used 57644K, capacity 58775K, committed 59028K, reserved 1101824K
  class space    used 7010K, capacity 7317K, committed 7424K, reserved 1048576K
Event: 7.521 GC heap after
Heap after GC invocations=9 (full 3):
 PSYoungGen      total 190976K, used 0K [0x0000000780400000, 0x000000078fa00000, 0x00000007c0000000)
  eden space 157696K, 0% used [0x0000000780400000,0x0000000780400000,0x0000000789e00000)
  from space 33280K, 0% used [0x000000078be80000,0x000000078be80000,0x000000078df00000)
  to   space 33280K, 0% used [0x0000000789e00000,0x0000000789e00000,0x000000078be80000)
 ParOldGen       total 176640K, used 42911K [0x0000000700c00000, 0x000000070b880000, 0x0000000780400000)
  object space 176640K, 24% used [0x0000000700c00000,0x00000007035e7d70,0x000000070b880000)
 Metaspace       used 57644K, capacity 58775K, committed 59028K, reserved 1101824K
  class space    used 7010K, capacity 7317K, committed 7424K, reserved 1048576K
}

Deoptimization events (10 events):
Event: 7.644 Thread 0x0000000002644000 Uncommon trap: reason=unstable_if action=reinterpret pc=0x0000000003857190 method=gnu.trove.TIntHash.index(I)I @ 6
Event: 7.679 Thread 0x0000000002644000 Uncommon trap: reason=speculate_class_check action=maybe_recompile pc=0x000000000344e8b0 method=java.util.ArrayList.<init>(Ljava/util/Collection;)V @ 36
Event: 7.685 Thread 0x0000000002644000 Uncommon trap: reason=speculate_class_check action=maybe_recompile pc=0x000000000344e8b0 method=java.util.ArrayList.<init>(Ljava/util/Collection;)V @ 36
Event: 7.724 Thread 0x0000000002644000 Uncommon trap: reason=speculate_class_check action=maybe_recompile pc=0x00000000040bf1b4 method=java.util.ArrayList.<init>(Ljava/util/Collection;)V @ 36
Event: 7.728 Thread 0x0000000002644000 Uncommon trap: reason=unstable_if action=reinterpret pc=0x00000000031ff2e8 method=gnu.trove.TObjectHash.insertionIndex(Ljava/lang/Object;)I @ 167
Event: 7.744 Thread 0x0000000002644000 Uncommon trap: reason=speculate_class_check action=maybe_recompile pc=0x00000000040bf1b4 method=java.util.ArrayList.<init>(Ljava/util/Collection;)V @ 36
Event: 7.752 Thread 0x0000000002644000 Uncommon trap: reason=unstable_if action=reinterpret pc=0x0000000003101cb8 method=org.jetbrains.org.objectweb.asm.tree.analysis.SmallSet.union(Lorg/jetbrains/org/objectweb/asm/tree/analysis/SmallSet;)Ljava/util/Set; @ 50
Event: 7.763 Thread 0x0000000002644000 Uncommon trap: reason=predicate action=maybe_recompile pc=0x0000000003095504 method=org.jetbrains.kotlin.com.intellij.extapi.psi.StubBasedPsiElementBase.getStubOrPsiChildren(Lorg/jetbrains/kotlin/com/intellij/psi/stubs/IStubElementType;Lorg/jetbrains/kotl
Event: 7.772 Thread 0x0000000002644000 Uncommon trap: reason=unstable_if action=reinterpret pc=0x000000000284dea0 method=org.jetbrains.org.objectweb.asm.tree.analysis.SmallSet.union(Lorg/jetbrains/org/objectweb/asm/tree/analysis/SmallSet;)Ljava/util/Set; @ 50
Event: 7.773 Thread 0x0000000002644000 Uncommon trap: reason=unstable_if action=reinterpret pc=0x0000000002c6e370 method=org.jetbrains.org.objectweb.asm.tree.analysis.SmallSet.union(Lorg/jetbrains/org/objectweb/asm/tree/analysis/SmallSet;)Ljava/util/Set; @ 50

Classes redefined (0 events):
No events

Internal exceptions (10 events):
Event: 4.888 Thread 0x0000000002644000 Implicit null exception at 0x0000000002f6fda9 to 0x0000000002f702ff
Event: 5.482 Thread 0x0000000002644000 Implicit null exception at 0x00000000038d036f to 0x00000000038d08d5
Event: 6.483 Thread 0x0000000002644000 Implicit null exception at 0x0000000003f48370 to 0x0000000003f483d5
Event: 6.720 Thread 0x0000000002644000 Implicit null exception at 0x000000000299bd95 to 0x000000000299bf95
Event: 6.722 Thread 0x0000000002644000 Implicit null exception at 0x0000000002f809cc to 0x0000000002f80a26
Event: 7.131 Thread 0x0000000002644000 Exception <a 'java/lang/NoSuchMethodError': java.lang.Object.lambda$static$0(Ljava/lang/Throwable;Ljava/lang/String;)V> (0x0000000787e867b0) thrown at [D:\src\AOSP-openjdk-cygwin\jdk8u\hotspot\src\share\vm\interpreter\linkResolver.cpp, line 584]
Event: 7.331 Thread 0x0000000002644000 Exception <a 'java/lang/NoSuchMethodError': java.lang.Object.lambda$static$0(Lorg/jetbrains/kotlin/descriptors/ValueParameterDescriptor;Lorg/jetbrains/kotlin/codegen/ExpressionCodegen;)Lorg/jetbrains/kotlin/codegen/StackValue;> (0x0000000780e034b0) thrown
Event: 7.628 Thread 0x0000000002644000 Exception <a 'java/lang/NoSuchMethodError': java.lang.Object.lambda$static$0(Ljava/lang/String;)Z> (0x00000007808de578) thrown at [D:\src\AOSP-openjdk-cygwin\jdk8u\hotspot\src\share\vm\interpreter\linkResolver.cpp, line 584]
Event: 7.629 Thread 0x0000000002644000 Exception <a 'java/lang/NoSuchMethodError': java.lang.Object.lambda$static$1(Ljava/lang/String;)Z> (0x00000007808e0fb0) thrown at [D:\src\AOSP-openjdk-cygwin\jdk8u\hotspot\src\share\vm\interpreter\linkResolver.cpp, line 584]
Event: 7.644 Thread 0x0000000002644000 Implicit null exception at 0x0000000003856f0f to 0x0000000003857179

Events (10 events):
Event: 7.779 loading class org/jetbrains/kotlin/codegen/intrinsics/BinaryOp$toCallable$1
Event: 7.779 loading class org/jetbrains/kotlin/codegen/intrinsics/BinaryOp$toCallable$1 done
Event: 7.781 loading class org/jetbrains/kotlin/codegen/intrinsics/NumberCast$toCallable$1
Event: 7.781 loading class org/jetbrains/kotlin/codegen/intrinsics/NumberCast$toCallable$1 done
Event: 7.794 loading class org/jetbrains/kotlin/codegen/ExpressionCodegen$ObjectLiteralResult
Event: 7.794 loading class org/jetbrains/kotlin/codegen/ExpressionCodegen$ObjectLiteralResult done
Event: 7.795 loading class org/jetbrains/kotlin/codegen/ExpressionCodegen$ObjectLiteralResult
Event: 7.795 loading class org/jetbrains/kotlin/codegen/ExpressionCodegen$ObjectLiteralResult done
Event: 7.795 loading class org/jetbrains/kotlin/codegen/ExpressionCodegen
Event: 7.795 loading class org/jetbrains/kotlin/codegen/ExpressionCodegen done


Dynamic libraries:
0x00007ff6b4790000 - 0x00007ff6b47c1000 	C:\Program Files\Android\Android Studio\jre\jre\bin\java.exe
0x00007ffec2a70000 - 0x00007ffec2c42000 	C:\Windows\SYSTEM32\ntdll.dll
0x00007ffec2940000 - 0x00007ffec29ec000 	C:\Windows\System32\KERNEL32.DLL
0x00007ffebf710000 - 0x00007ffebf92d000 	C:\Windows\System32\KERNELBASE.dll
0x00007ffec11e0000 - 0x00007ffec1282000 	C:\Windows\System32\ADVAPI32.dll
0x00007ffec1290000 - 0x00007ffec132e000 	C:\Windows\System32\msvcrt.dll
0x00007ffec04d0000 - 0x00007ffec0529000 	C:\Windows\System32\sechost.dll
0x00007ffec0830000 - 0x00007ffec0951000 	C:\Windows\System32\RPCRT4.dll
0x00007ffec0c40000 - 0x00007ffec0da5000 	C:\Windows\System32\USER32.dll
0x00007ffebef70000 - 0x00007ffebef8e000 	C:\Windows\System32\win32u.dll
0x00007ffec0490000 - 0x00007ffec04c4000 	C:\Windows\System32\GDI32.dll
0x00007ffebfab0000 - 0x00007ffebfc30000 	C:\Windows\System32\gdi32full.dll
0x00007ffeb77e0000 - 0x00007ffeb7a5a000 	C:\Windows\WinSxS\amd64_microsoft.windows.common-controls_6595b64144ccf1df_6.0.14393.953_none_42151e83c686086b\COMCTL32.dll
0x00007ffec0f10000 - 0x00007ffec11d8000 	C:\Windows\System32\combase.dll
0x00007ffebfc30000 - 0x00007ffebfd25000 	C:\Windows\System32\ucrtbase.dll
0x00007ffebf990000 - 0x00007ffebf9fa000 	C:\Windows\System32\bcryptPrimitives.dll
0x00007ffec0590000 - 0x00007ffec05be000 	C:\Windows\System32\IMM32.DLL
0x000000005cec0000 - 0x000000005cf92000 	C:\Program Files\Android\Android Studio\jre\jre\bin\msvcr100.dll
0x0000000060290000 - 0x0000000060ad1000 	C:\Program Files\Android\Android Studio\jre\jre\bin\server\jvm.dll
0x00007ffec2a00000 - 0x00007ffec2a08000 	C:\Windows\System32\PSAPI.DLL
0x00007ffebd390000 - 0x00007ffebd3b3000 	C:\Windows\SYSTEM32\WINMM.dll
0x00007ffeaf260000 - 0x00007ffeaf269000 	C:\Windows\SYSTEM32\WSOCK32.dll
0x00007ffebc9f0000 - 0x00007ffebc9fa000 	C:\Windows\SYSTEM32\VERSION.dll
0x00007ffebd1f0000 - 0x00007ffebd21b000 	C:\Windows\SYSTEM32\WINMMBASE.dll
0x00007ffec05c0000 - 0x00007ffec062a000 	C:\Windows\System32\WS2_32.dll
0x00007ffebfd30000 - 0x00007ffebfd72000 	C:\Windows\System32\cfgmgr32.dll
0x00007ffebc5c0000 - 0x00007ffebc5cf000 	C:\Program Files\Android\Android Studio\jre\jre\bin\verify.dll
0x00007ffebb7c0000 - 0x00007ffebb7e9000 	C:\Program Files\Android\Android Studio\jre\jre\bin\java.dll
0x00007ffebb930000 - 0x00007ffebb946000 	C:\Program Files\Android\Android Studio\jre\jre\bin\zip.dll
0x00007ffec1330000 - 0x00007ffec2839000 	C:\Windows\System32\SHELL32.dll
0x00007ffebf030000 - 0x00007ffebf709000 	C:\Windows\System32\windows.storage.dll
0x00007ffebeef0000 - 0x00007ffebef3c000 	C:\Windows\System32\powrprof.dll
0x00007ffec2a10000 - 0x00007ffec2a62000 	C:\Windows\System32\shlwapi.dll
0x00007ffebef60000 - 0x00007ffebef6f000 	C:\Windows\System32\kernel.appcore.dll
0x00007ffebff50000 - 0x00007ffebfff9000 	C:\Windows\System32\shcore.dll
0x00007ffebef40000 - 0x00007ffebef54000 	C:\Windows\System32\profapi.dll
0x00007ffebb7a0000 - 0x00007ffebb7ba000 	C:\Program Files\Android\Android Studio\jre\jre\bin\net.dll
0x00007ffebe810000 - 0x00007ffebe86c000 	C:\Windows\system32\mswsock.dll
0x00007ffeba770000 - 0x00007ffeba781000 	C:\Program Files\Android\Android Studio\jre\jre\bin\nio.dll

VM Arguments:
java_command: org.jetbrains.kotlin.cli.jvm.K2JVMCompiler -Xadd-compiler-builtins -Xbuild-file=C:\Users\User\AppData\Local\Temp\kjps4478643419037820694app_debug.script.xml -classpath C:\Users\User\.gradle\caches\modules-2\files-2.1\org.jetbrains.kotlin\kotlin-android-extensions-runtime\1.3.30\80c54e4abd92342e1cf28b3aff009f9c741337c0\kotlin-android-extensions-runtime-1.3.30.jar;C:\Users\User\.gradle\caches\modules-2\files-2.1\org.jetbrains.kotlin\kotlin-stdlib-jdk7\1.3.30\bf0edcf669e446e0d903a0681190d1e3df969ac4\kotlin-stdlib-jdk7-1.3.30.jar;C:\Users\User\.gradle\caches\modules-2\files-2.1\org.jetbrains.kotlin\kotlin-stdlib\1.3.30\9ea98e65c246d34de9af59c104ad9bdea4908ee\kotlin-stdlib-1.3.30.jar;C:\Users\User\.gradle\caches\modules-2\files-2.1\org.jetbrains.kotlin\kotlin-stdlib-common\1.3.30\989a125fdb6e4d0d75a016032e03e1e3b57a13d\kotlin-stdlib-common-1.3.30.jar;C:\Users\User\.gradle\caches\modules-2\files-2.1\org.jetbrains\annotations\13.0\919f0dfe192fb4e063e7dacadee7f8bb9a2672a9\annotations-13.0.jar;C:\Users\User\.gradle\caches\transforms-2\files-2.1\78c96502c115affafbb2617d4419cecf\jars\classes.jar;C:\Users\User\.gradle\caches\transforms-2\files-2.1\a93df86a15c7472862a09fdb24d50386\jars\classes.jar;C:\Users\User\.gradle\caches\transforms-2\files-2.1\5a9a1b4d9cc59193e31d46e01f4091ff\jars\classes.jar;C:\Users\User\.gradle\caches\transforms-2\files-2.1\63f448d50ae1490638aa75be389b65eb\jars\classes.jar;C:\Users\User\.gradle\caches\transforms-2\files-2.1\4778e74ede69ae0b079cf607b37669dd\jars\classes.jar;C:\Users\User\.gradle\caches\transforms-2\files-2.1\5c0541aed1aee336592a3eb5e12ee11a\jars\classes.jar;C:\Users\User\.gradle\caches\transforms-2\files-2.1\97f3a0db192b9c087fa0d28727a7614f\jars\classes.jar;C:\Users\User\.gradle\caches\transforms-2\files-2.1\01fdba3165e07bf397810a1b745785f8\jars\classes.jar;C:\Users\User\.gradle\caches\transforms-2\files-2.1\cb7821c16019eeb3129385d9953a15c8\jars\classes.jar;C:\Users\User\.gradle\caches\transforms-2\files-2.1\4f86a3b53c0831
java_class_path (initial): C:\Users\User\.gradle\caches\modules-2\files-2.1\org.jetbrains.kotlin\kotlin-compiler-embeddable\1.3.30\e894c4a8dd7319b53a8fb357bea3a927abbccadd\kotlin-compiler-embeddable-1.3.30.jar;C:\Users\User\.gradle\caches\modules-2\files-2.1\org.jetbrains.kotlin\kotlin-reflect\1.3.30\b5aa87d4a75c9635915e4189f687e92ce375c054\kotlin-reflect-1.3.30.jar;C:\Users\User\.gradle\caches\modules-2\files-2.1\org.jetbrains.kotlin\kotlin-stdlib\1.3.30\9ea98e65c246d34de9af59c104ad9bdea4908ee\kotlin-stdlib-1.3.30.jar;C:\Users\User\.gradle\caches\modules-2\files-2.1\org.jetbrains.kotlin\kotlin-script-runtime\1.3.30\dd223593ee63574426ef98f7111862f138e40fdc\kotlin-script-runtime-1.3.30.jar;C:\Users\User\.gradle\caches\modules-2\files-2.1\org.jetbrains.intellij.deps\trove4j\1.0.20181211\216c2e14b070f334479d800987affe4054cd563f\trove4j-1.0.20181211.jar;C:\Users\User\.gradle\caches\modules-2\files-2.1\org.jetbrains.kotlin\kotlin-stdlib-common\1.3.30\989a125fdb6e4d0d75a016032e03e1e3b57a13d\kotlin-stdlib-common-1.3.30.jar;C:\Users\User\.gradle\caches\modules-2\files-2.1\org.jetbrains\annotations\13.0\919f0dfe192fb4e063e7dacadee7f8bb9a2672a9\annotations-13.0.jar;C:\Program Files\Android\Android Studio\jre\lib\tools.jar
Launcher Type: SUN_STANDARD

Environment Variables:
PATH=C:\Program Files (x86)\Common Files\Oracle\Java\javapath;C:\Windows\system32;C:\Windows;C:\Windows\System32\Wbem;C:\Windows\System32\WindowsPowerShell\v1.0\;C:\Program Files (x86)\Windows Kits\8.1\Windows Performance Toolkit\;C:\Program Files (x86)\NVIDIA Corporation\PhysX\Common;C:\Users\User\AppData\Local\Microsoft\WindowsApps;
USERNAME=User
OS=Windows_NT
PROCESSOR_IDENTIFIER=Intel64 Family 6 Model 58 Stepping 9, GenuineIntel



---------------  S Y S T E M  ---------------

OS: Windows 10.0 , 64 bit Build 14393 (10.0.14393.2214)

CPU:total 4 (initial active 4) (4 cores per cpu, 1 threads per core) family 6 model 58 stepping 9, cmov, cx8, fxsr, mmx, sse, sse2, sse3, ssse3, sse4.1, sse4.2, popcnt, avx, aes, clmul, erms, tsc, tscinvbit, tscinv

Memory: 4k page, physical 12527208k(2602488k free), swap 12527208k(1152k free)

vm_info: OpenJDK 64-Bit Server VM (25.152-b01) for windows-amd64 JRE (1.8.0_152-release-1343-b01), built by "builder" with MS VC++ 10.0 (VS2010)

time: Sat May 18 00:37:03 2019
elapsed time: 7 seconds (0d 0h 0m 7s)

